mysqldump --single-transaction --quick --lock-tables=false -u _e997227b8792b9cd -p********** _e997227b8792b9cd -h 127.0.0.1 -P 3306   | /usr/bin/gzip >> ./makkah.portal.com/private/backups/20220629_143001-makkah_portal_com-database.sql.gz

Backup Summary for makkah.portal.com at 2022-06-29 14:30:02.636476
Config  : ./makkah.portal.com/private/backups/20220629_143001-makkah_portal_com-site_config_backup.json 158.0B
Database: ./makkah.portal.com/private/backups/20220629_143001-makkah_portal_com-database.sql.gz         1.3MiB
Backup for Site makkah.portal.com has been successfully completed
mysqldump --single-transaction --quick --lock-tables=false -u _e997227b8792b9cd -p********** _e997227b8792b9cd -h 127.0.0.1 -P 3306   | /usr/bin/gzip >> ./makkah.portal.com/private/backups/20220629_180001-makkah_portal_com-database.sql.gz

Backup Summary for makkah.portal.com at 2022-06-29 18:00:03.777301
Config  : ./makkah.portal.com/private/backups/20220629_180001-makkah_portal_com-site_config_backup.json 158.0B
Database: ./makkah.portal.com/private/backups/20220629_180001-makkah_portal_com-database.sql.gz         1.3MiB
Backup for Site makkah.portal.com has been successfully completed
mysqldump --single-transaction --quick --lock-tables=false -u _e997227b8792b9cd -p********** _e997227b8792b9cd -h 127.0.0.1 -P 3306   | /usr/bin/gzip >> ./makkah.portal.com/private/backups/20220630_000002-makkah_portal_com-database.sql.gz

Backup Summary for makkah.portal.com at 2022-06-30 00:00:03.513054
Config  : ./makkah.portal.com/private/backups/20220630_000002-makkah_portal_com-site_config_backup.json 158.0B
Database: ./makkah.portal.com/private/backups/20220630_000002-makkah_portal_com-database.sql.gz         1.3MiB
Backup for Site makkah.portal.com has been successfully completed
mysqldump --single-transaction --quick --lock-tables=false -u _e997227b8792b9cd -p********** _e997227b8792b9cd -h 127.0.0.1 -P 3306   | /usr/bin/gzip >> ./makkah.portal.com/private/backups/20220630_060002-makkah_portal_com-database.sql.gz

Backup Summary for makkah.portal.com at 2022-06-30 06:00:03.208607
Config  : ./makkah.portal.com/private/backups/20220630_060002-makkah_portal_com-site_config_backup.json 158.0B
Database: ./makkah.portal.com/private/backups/20220630_060002-makkah_portal_com-database.sql.gz         1.3MiB
Backup for Site makkah.portal.com has been successfully completed
mysqldump --single-transaction --quick --lock-tables=false -u _e997227b8792b9cd -p********** _e997227b8792b9cd -h 127.0.0.1 -P 3306   | /usr/bin/gzip >> ./makkah.portal.com/private/backups/20220630_120001-makkah_portal_com-database.sql.gz

Backup Summary for makkah.portal.com at 2022-06-30 12:00:02.968534
Config  : ./makkah.portal.com/private/backups/20220630_120001-makkah_portal_com-site_config_backup.json 158.0B
Database: ./makkah.portal.com/private/backups/20220630_120001-makkah_portal_com-database.sql.gz         1.4MiB
Backup for Site makkah.portal.com has been successfully completed
