2022-06-30 12:46:58,620 DEBUG scheduler Queued events for site makkah.portal.com
2022-06-30 12:47:58,950 DEBUG scheduler Queued events for site makkah.portal.com
2022-06-30 12:48:59,248 INFO scheduler Scheduled Job Start: erpnext.crm.doctype.social_media_post.social_media_post.process_scheduled_social_media_posts for makkah.portal.com
2022-06-30 12:48:59,268 DEBUG scheduler Queued events for site makkah.portal.com
2022-06-30 12:48:59,394 INFO scheduler Scheduled Job Complete: erpnext.crm.doctype.social_media_post.social_media_post.process_scheduled_social_media_posts for makkah.portal.com
2022-06-30 12:48:59,441 INFO scheduler Scheduled Job Start: erpnext.hr.doctype.interview.interview.send_interview_reminder for makkah.portal.com
2022-06-30 12:48:59,583 INFO scheduler Scheduled Job Complete: erpnext.hr.doctype.interview.interview.send_interview_reminder for makkah.portal.com
2022-06-30 12:48:59,632 INFO scheduler Scheduled Job Start: erpnext.healthcare.doctype.patient_appointment.patient_appointment.send_appointment_reminder for makkah.portal.com
2022-06-30 12:48:59,761 INFO scheduler Scheduled Job Complete: erpnext.healthcare.doctype.patient_appointment.patient_appointment.send_appointment_reminder for makkah.portal.com
2022-06-30 12:48:59,809 INFO scheduler Scheduled Job Start: erpnext.projects.doctype.project.project.project_status_update_reminder for makkah.portal.com
2022-06-30 12:48:59,992 INFO scheduler Scheduled Job Complete: erpnext.projects.doctype.project.project.project_status_update_reminder for makkah.portal.com
2022-06-30 12:49:00,042 INFO scheduler Scheduled Job Start: frappe.monitor.flush for makkah.portal.com
2022-06-30 12:49:00,164 INFO scheduler Scheduled Job Complete: frappe.monitor.flush for makkah.portal.com
2022-06-30 12:49:00,212 INFO scheduler Scheduled Job Start: frappe.utils.global_search.sync_global_search for makkah.portal.com
2022-06-30 12:49:00,335 INFO scheduler Scheduled Job Complete: frappe.utils.global_search.sync_global_search for makkah.portal.com
2022-06-30 12:49:00,384 INFO scheduler Scheduled Job Start: frappe.integrations.doctype.razorpay_settings.razorpay_settings.capture_payment for makkah.portal.com
2022-06-30 12:49:00,602 INFO scheduler Scheduled Job Complete: frappe.integrations.doctype.razorpay_settings.razorpay_settings.capture_payment for makkah.portal.com
2022-06-30 12:49:00,655 INFO scheduler Scheduled Job Start: frappe.email.doctype.email_account.email_account.notify_unreplied for makkah.portal.com
2022-06-30 12:49:00,827 INFO scheduler Scheduled Job Complete: frappe.email.doctype.email_account.email_account.notify_unreplied for makkah.portal.com
2022-06-30 12:49:00,876 INFO scheduler Scheduled Job Start: frappe.email.doctype.email_account.email_account.pull for makkah.portal.com
2022-06-30 12:49:01,045 INFO scheduler Scheduled Job Complete: frappe.email.doctype.email_account.email_account.pull for makkah.portal.com
2022-06-30 12:49:01,098 INFO scheduler Scheduled Job Start: frappe.email.queue.flush for makkah.portal.com
2022-06-30 12:49:01,241 INFO scheduler Scheduled Job Complete: frappe.email.queue.flush for makkah.portal.com
2022-06-30 12:49:59,622 DEBUG scheduler Queued events for site makkah.portal.com
2022-06-30 12:50:59,932 DEBUG scheduler Queued events for site makkah.portal.com
2022-06-30 12:50:59,939 INFO scheduler Scheduled Job Start: erpnext.manufacturing.doctype.bom_update_log.bom_update_log.resume_bom_cost_update_jobs for makkah.portal.com
2022-06-30 12:51:00,106 INFO scheduler Scheduled Job Complete: erpnext.manufacturing.doctype.bom_update_log.bom_update_log.resume_bom_cost_update_jobs for makkah.portal.com
2022-06-30 12:52:00,273 INFO scheduler Scheduled Job Start: erpnext.crm.doctype.social_media_post.social_media_post.process_scheduled_social_media_posts for makkah.portal.com
2022-06-30 12:52:00,299 DEBUG scheduler Queued events for site makkah.portal.com
2022-06-30 12:52:00,418 INFO scheduler Scheduled Job Complete: erpnext.crm.doctype.social_media_post.social_media_post.process_scheduled_social_media_posts for makkah.portal.com
2022-06-30 12:52:00,468 INFO scheduler Scheduled Job Start: erpnext.hr.doctype.interview.interview.send_interview_reminder for makkah.portal.com
2022-06-30 12:52:00,611 INFO scheduler Scheduled Job Complete: erpnext.hr.doctype.interview.interview.send_interview_reminder for makkah.portal.com
2022-06-30 12:52:00,660 INFO scheduler Scheduled Job Start: erpnext.healthcare.doctype.patient_appointment.patient_appointment.send_appointment_reminder for makkah.portal.com
2022-06-30 12:52:00,791 INFO scheduler Scheduled Job Complete: erpnext.healthcare.doctype.patient_appointment.patient_appointment.send_appointment_reminder for makkah.portal.com
2022-06-30 12:52:00,840 INFO scheduler Scheduled Job Start: erpnext.projects.doctype.project.project.project_status_update_reminder for makkah.portal.com
2022-06-30 12:52:01,025 INFO scheduler Scheduled Job Complete: erpnext.projects.doctype.project.project.project_status_update_reminder for makkah.portal.com
2022-06-30 12:52:01,074 INFO scheduler Scheduled Job Start: frappe.monitor.flush for makkah.portal.com
2022-06-30 12:52:01,197 INFO scheduler Scheduled Job Complete: frappe.monitor.flush for makkah.portal.com
2022-06-30 12:52:01,246 INFO scheduler Scheduled Job Start: frappe.utils.global_search.sync_global_search for makkah.portal.com
2022-06-30 12:52:01,369 INFO scheduler Scheduled Job Complete: frappe.utils.global_search.sync_global_search for makkah.portal.com
2022-06-30 12:52:01,418 INFO scheduler Scheduled Job Start: frappe.integrations.doctype.razorpay_settings.razorpay_settings.capture_payment for makkah.portal.com
2022-06-30 12:52:01,627 INFO scheduler Scheduled Job Complete: frappe.integrations.doctype.razorpay_settings.razorpay_settings.capture_payment for makkah.portal.com
2022-06-30 12:52:01,675 INFO scheduler Scheduled Job Start: frappe.email.doctype.email_account.email_account.notify_unreplied for makkah.portal.com
2022-06-30 12:52:01,833 INFO scheduler Scheduled Job Complete: frappe.email.doctype.email_account.email_account.notify_unreplied for makkah.portal.com
2022-06-30 12:52:01,883 INFO scheduler Scheduled Job Start: frappe.email.doctype.email_account.email_account.pull for makkah.portal.com
2022-06-30 12:52:02,045 INFO scheduler Scheduled Job Complete: frappe.email.doctype.email_account.email_account.pull for makkah.portal.com
2022-06-30 12:52:02,095 INFO scheduler Scheduled Job Start: frappe.email.queue.flush for makkah.portal.com
2022-06-30 12:52:02,227 INFO scheduler Scheduled Job Complete: frappe.email.queue.flush for makkah.portal.com
2022-06-30 12:53:00,678 DEBUG scheduler Queued events for site makkah.portal.com
2022-06-30 12:54:01,013 DEBUG scheduler Queued events for site makkah.portal.com
2022-06-30 12:55:01,271 DEBUG scheduler Queued events for site makkah.portal.com
2022-06-30 12:55:01,279 INFO scheduler Scheduled Job Start: erpnext.manufacturing.doctype.bom_update_log.bom_update_log.resume_bom_cost_update_jobs for makkah.portal.com
2022-06-30 12:55:01,443 INFO scheduler Scheduled Job Complete: erpnext.manufacturing.doctype.bom_update_log.bom_update_log.resume_bom_cost_update_jobs for makkah.portal.com
2022-06-30 12:56:01,615 INFO scheduler Scheduled Job Start: erpnext.crm.doctype.social_media_post.social_media_post.process_scheduled_social_media_posts for makkah.portal.com
2022-06-30 12:56:01,639 DEBUG scheduler Queued events for site makkah.portal.com
2022-06-30 12:56:01,761 INFO scheduler Scheduled Job Complete: erpnext.crm.doctype.social_media_post.social_media_post.process_scheduled_social_media_posts for makkah.portal.com
2022-06-30 12:56:01,811 INFO scheduler Scheduled Job Start: erpnext.hr.doctype.interview.interview.send_interview_reminder for makkah.portal.com
2022-06-30 12:56:01,952 INFO scheduler Scheduled Job Complete: erpnext.hr.doctype.interview.interview.send_interview_reminder for makkah.portal.com
2022-06-30 12:56:01,999 INFO scheduler Scheduled Job Start: erpnext.healthcare.doctype.patient_appointment.patient_appointment.send_appointment_reminder for makkah.portal.com
2022-06-30 12:56:02,129 INFO scheduler Scheduled Job Complete: erpnext.healthcare.doctype.patient_appointment.patient_appointment.send_appointment_reminder for makkah.portal.com
2022-06-30 12:56:02,177 INFO scheduler Scheduled Job Start: erpnext.projects.doctype.project.project.project_status_update_reminder for makkah.portal.com
2022-06-30 12:56:02,359 INFO scheduler Scheduled Job Complete: erpnext.projects.doctype.project.project.project_status_update_reminder for makkah.portal.com
2022-06-30 12:56:02,406 INFO scheduler Scheduled Job Start: frappe.monitor.flush for makkah.portal.com
2022-06-30 12:56:02,528 INFO scheduler Scheduled Job Complete: frappe.monitor.flush for makkah.portal.com
2022-06-30 12:56:02,576 INFO scheduler Scheduled Job Start: frappe.utils.global_search.sync_global_search for makkah.portal.com
2022-06-30 12:56:02,698 INFO scheduler Scheduled Job Complete: frappe.utils.global_search.sync_global_search for makkah.portal.com
2022-06-30 12:56:02,746 INFO scheduler Scheduled Job Start: frappe.integrations.doctype.razorpay_settings.razorpay_settings.capture_payment for makkah.portal.com
2022-06-30 12:56:02,951 INFO scheduler Scheduled Job Complete: frappe.integrations.doctype.razorpay_settings.razorpay_settings.capture_payment for makkah.portal.com
2022-06-30 12:56:02,999 INFO scheduler Scheduled Job Start: frappe.email.doctype.email_account.email_account.notify_unreplied for makkah.portal.com
2022-06-30 12:56:03,155 INFO scheduler Scheduled Job Complete: frappe.email.doctype.email_account.email_account.notify_unreplied for makkah.portal.com
2022-06-30 12:56:03,203 INFO scheduler Scheduled Job Start: frappe.email.doctype.email_account.email_account.pull for makkah.portal.com
2022-06-30 12:56:03,363 INFO scheduler Scheduled Job Complete: frappe.email.doctype.email_account.email_account.pull for makkah.portal.com
2022-06-30 12:56:03,411 INFO scheduler Scheduled Job Start: frappe.email.queue.flush for makkah.portal.com
2022-06-30 12:56:03,541 INFO scheduler Scheduled Job Complete: frappe.email.queue.flush for makkah.portal.com
2022-06-30 12:57:02,013 DEBUG scheduler Queued events for site makkah.portal.com
2022-06-30 12:58:02,340 DEBUG scheduler Queued events for site makkah.portal.com
2022-06-30 12:59:02,674 DEBUG scheduler Queued events for site makkah.portal.com
2022-06-30 13:00:02,876 INFO scheduler Scheduled Job Start: erpnext.stock.doctype.repost_item_valuation.repost_item_valuation.repost_entries for makkah.portal.com
2022-06-30 13:00:02,913 INFO scheduler Scheduled Job Start: erpnext.erpnext_integrations.connectors.shopify_connection.sync_old_orders for makkah.portal.com
2022-06-30 13:00:03,055 DEBUG scheduler Queued events for site makkah.portal.com
2022-06-30 13:00:03,057 INFO scheduler Scheduled Job Complete: erpnext.stock.doctype.repost_item_valuation.repost_item_valuation.repost_entries for makkah.portal.com
2022-06-30 13:00:03,166 INFO scheduler Scheduled Job Complete: erpnext.erpnext_integrations.connectors.shopify_connection.sync_old_orders for makkah.portal.com
2022-06-30 13:00:03,218 INFO scheduler Scheduled Job Start: erpnext.support.doctype.issue.issue.set_service_level_agreement_variance for makkah.portal.com
2022-06-30 13:00:03,384 INFO scheduler Scheduled Job Complete: erpnext.support.doctype.issue.issue.set_service_level_agreement_variance for makkah.portal.com
2022-06-30 13:00:03,434 INFO scheduler Scheduled Job Start: erpnext.hr.doctype.shift_type.shift_type.process_auto_attendance_for_all_shifts for makkah.portal.com
2022-06-30 13:00:03,597 INFO scheduler Scheduled Job Complete: erpnext.hr.doctype.shift_type.shift_type.process_auto_attendance_for_all_shifts for makkah.portal.com
2022-06-30 13:00:03,648 INFO scheduler Scheduled Job Start: erpnext.projects.doctype.project.project.collect_project_status for makkah.portal.com
2022-06-30 13:00:03,854 INFO scheduler Scheduled Job Complete: erpnext.projects.doctype.project.project.collect_project_status for makkah.portal.com
2022-06-30 13:00:03,907 INFO scheduler Scheduled Job Start: erpnext.projects.doctype.project.project.hourly_reminder for makkah.portal.com
2022-06-30 13:00:04,114 INFO scheduler Scheduled Job Complete: erpnext.projects.doctype.project.project.hourly_reminder for makkah.portal.com
2022-06-30 13:00:04,167 INFO scheduler Scheduled Job Start: erpnext.erpnext_integrations.doctype.plaid_settings.plaid_settings.automatic_synchronization for makkah.portal.com
2022-06-30 13:00:04,398 INFO scheduler Scheduled Job Complete: erpnext.erpnext_integrations.doctype.plaid_settings.plaid_settings.automatic_synchronization for makkah.portal.com
2022-06-30 13:00:04,451 INFO scheduler Scheduled Job Start: erpnext.accounts.doctype.gl_entry.gl_entry.rename_gle_sle_docs for makkah.portal.com
2022-06-30 13:00:04,639 INFO scheduler Scheduled Job Complete: erpnext.accounts.doctype.gl_entry.gl_entry.rename_gle_sle_docs for makkah.portal.com
2022-06-30 13:00:04,690 INFO scheduler Scheduled Job Start: erpnext.erpnext_integrations.doctype.amazon_mws_settings.amazon_mws_settings.schedule_get_order_details for makkah.portal.com
2022-06-30 13:00:04,841 INFO scheduler Scheduled Job Complete: erpnext.erpnext_integrations.doctype.amazon_mws_settings.amazon_mws_settings.schedule_get_order_details for makkah.portal.com
2022-06-30 13:00:04,892 INFO scheduler Scheduled Job Start: erpnext.accounts.doctype.subscription.subscription.process_all for makkah.portal.com
2022-06-30 13:00:05,078 INFO scheduler Scheduled Job Complete: erpnext.accounts.doctype.subscription.subscription.process_all for makkah.portal.com
2022-06-30 13:00:05,130 INFO scheduler Scheduled Job Start: erpnext.hr.doctype.daily_work_summary_group.daily_work_summary_group.trigger_emails for makkah.portal.com
2022-06-30 13:00:05,280 INFO scheduler Scheduled Job Complete: erpnext.hr.doctype.daily_work_summary_group.daily_work_summary_group.trigger_emails for makkah.portal.com
2022-06-30 13:00:05,331 INFO scheduler Scheduled Job Start: erpnext.crm.doctype.social_media_post.social_media_post.process_scheduled_social_media_posts for makkah.portal.com
2022-06-30 13:00:05,472 INFO scheduler Scheduled Job Complete: erpnext.crm.doctype.social_media_post.social_media_post.process_scheduled_social_media_posts for makkah.portal.com
2022-06-30 13:00:05,521 INFO scheduler Scheduled Job Start: erpnext.hr.doctype.interview.interview.send_interview_reminder for makkah.portal.com
2022-06-30 13:00:05,664 INFO scheduler Scheduled Job Complete: erpnext.hr.doctype.interview.interview.send_interview_reminder for makkah.portal.com
2022-06-30 13:00:05,713 INFO scheduler Scheduled Job Start: erpnext.healthcare.doctype.patient_appointment.patient_appointment.send_appointment_reminder for makkah.portal.com
2022-06-30 13:00:05,842 INFO scheduler Scheduled Job Complete: erpnext.healthcare.doctype.patient_appointment.patient_appointment.send_appointment_reminder for makkah.portal.com
2022-06-30 13:00:05,892 INFO scheduler Scheduled Job Start: erpnext.projects.doctype.project.project.project_status_update_reminder for makkah.portal.com
2022-06-30 13:00:06,078 INFO scheduler Scheduled Job Complete: erpnext.projects.doctype.project.project.project_status_update_reminder for makkah.portal.com
2022-06-30 13:00:06,126 INFO scheduler Scheduled Job Start: erpnext.utilities.doctype.video.video.update_youtube_data for makkah.portal.com
2022-06-30 13:00:06,344 INFO scheduler Scheduled Job Failed: erpnext.utilities.doctype.video.video.update_youtube_data for makkah.portal.com
2022-06-30 13:00:06,398 INFO scheduler Scheduled Job Start: erpnext.manufacturing.doctype.bom_update_log.bom_update_log.resume_bom_cost_update_jobs for makkah.portal.com
2022-06-30 13:00:06,560 INFO scheduler Scheduled Job Complete: erpnext.manufacturing.doctype.bom_update_log.bom_update_log.resume_bom_cost_update_jobs for makkah.portal.com
2022-06-30 13:00:06,610 INFO scheduler Scheduled Job Start: frappe.email.doctype.newsletter.newsletter.send_scheduled_email for makkah.portal.com
2022-06-30 13:00:06,801 INFO scheduler Scheduled Job Complete: frappe.email.doctype.newsletter.newsletter.send_scheduled_email for makkah.portal.com
2022-06-30 13:00:06,852 INFO scheduler Scheduled Job Start: frappe.integrations.doctype.google_calendar.google_calendar.sync for makkah.portal.com
2022-06-30 13:00:07,130 INFO scheduler Scheduled Job Complete: frappe.integrations.doctype.google_calendar.google_calendar.sync for makkah.portal.com
2022-06-30 13:00:07,182 INFO scheduler Scheduled Job Start: frappe.desk.form.document_follow.send_hourly_updates for makkah.portal.com
2022-06-30 13:00:07,344 INFO scheduler Scheduled Job Complete: frappe.desk.form.document_follow.send_hourly_updates for makkah.portal.com
2022-06-30 13:00:07,395 INFO scheduler Scheduled Job Start: frappe.deferred_insert.save_to_db for makkah.portal.com
2022-06-30 13:00:07,570 INFO scheduler Scheduled Job Complete: frappe.deferred_insert.save_to_db for makkah.portal.com
2022-06-30 13:00:07,621 INFO scheduler Scheduled Job Start: frappe.desk.page.backups.backups.delete_downloadable_backups for makkah.portal.com
2022-06-30 13:00:07,772 INFO scheduler Scheduled Job Complete: frappe.desk.page.backups.backups.delete_downloadable_backups for makkah.portal.com
2022-06-30 13:00:07,822 INFO scheduler Scheduled Job Start: frappe.utils.error.collect_error_snapshots for makkah.portal.com
2022-06-30 13:00:07,970 INFO scheduler Scheduled Job Complete: frappe.utils.error.collect_error_snapshots for makkah.portal.com
2022-06-30 13:00:08,021 INFO scheduler Scheduled Job Start: frappe.model.utils.user_settings.sync_user_settings for makkah.portal.com
2022-06-30 13:00:08,171 INFO scheduler Scheduled Job Complete: frappe.model.utils.user_settings.sync_user_settings for makkah.portal.com
2022-06-30 13:00:08,221 INFO scheduler Scheduled Job Start: frappe.model.utils.link_count.update_link_count for makkah.portal.com
2022-06-30 13:00:08,370 INFO scheduler Scheduled Job Complete: frappe.model.utils.link_count.update_link_count for makkah.portal.com
2022-06-30 13:00:08,421 INFO scheduler Scheduled Job Start: frappe.monitor.flush for makkah.portal.com
2022-06-30 13:00:08,541 INFO scheduler Scheduled Job Complete: frappe.monitor.flush for makkah.portal.com
2022-06-30 13:00:08,589 INFO scheduler Scheduled Job Start: frappe.utils.global_search.sync_global_search for makkah.portal.com
2022-06-30 13:00:08,711 INFO scheduler Scheduled Job Complete: frappe.utils.global_search.sync_global_search for makkah.portal.com
2022-06-30 13:00:08,760 INFO scheduler Scheduled Job Start: frappe.integrations.doctype.razorpay_settings.razorpay_settings.capture_payment for makkah.portal.com
2022-06-30 13:00:08,966 INFO scheduler Scheduled Job Complete: frappe.integrations.doctype.razorpay_settings.razorpay_settings.capture_payment for makkah.portal.com
2022-06-30 13:00:09,016 INFO scheduler Scheduled Job Start: frappe.email.doctype.email_account.email_account.notify_unreplied for makkah.portal.com
2022-06-30 13:00:09,173 INFO scheduler Scheduled Job Complete: frappe.email.doctype.email_account.email_account.notify_unreplied for makkah.portal.com
2022-06-30 13:00:09,221 INFO scheduler Scheduled Job Start: frappe.email.doctype.email_account.email_account.pull for makkah.portal.com
2022-06-30 13:00:09,385 INFO scheduler Scheduled Job Complete: frappe.email.doctype.email_account.email_account.pull for makkah.portal.com
2022-06-30 13:00:09,433 INFO scheduler Scheduled Job Start: frappe.email.queue.flush for makkah.portal.com
2022-06-30 13:00:09,564 INFO scheduler Scheduled Job Complete: frappe.email.queue.flush for makkah.portal.com
2022-06-30 13:00:09,612 INFO scheduler Scheduled Job Start: frappe.twofactor.delete_all_barcodes_for_users for makkah.portal.com
2022-06-30 13:00:09,779 INFO scheduler Scheduled Job Complete: frappe.twofactor.delete_all_barcodes_for_users for makkah.portal.com
2022-06-30 13:00:09,830 INFO scheduler Scheduled Job Start: frappe.website.doctype.web_page.web_page.check_publish_status for makkah.portal.com
2022-06-30 13:00:10,027 INFO scheduler Scheduled Job Complete: frappe.website.doctype.web_page.web_page.check_publish_status for makkah.portal.com
2022-06-30 13:00:10,080 INFO scheduler Scheduled Job Start: frappe.oauth.delete_oauth2_data for makkah.portal.com
2022-06-30 13:00:10,256 INFO scheduler Scheduled Job Complete: frappe.oauth.delete_oauth2_data for makkah.portal.com
2022-06-30 13:01:03,429 DEBUG scheduler Queued events for site makkah.portal.com
2022-06-30 13:02:03,747 DEBUG scheduler Queued events for site makkah.portal.com
2022-06-30 13:03:04,084 DEBUG scheduler Queued events for site makkah.portal.com
2022-07-17 08:57:58,339 INFO scheduler Scheduled Job Start: erpnext.hr.doctype.employee.employee_reminders.send_reminders_in_advance_weekly for makkah.portal.com
2022-07-17 08:57:58,341 INFO scheduler Scheduled Job Start: erpnext.stock.doctype.repost_item_valuation.repost_item_valuation.repost_entries for makkah.portal.com
2022-07-17 08:57:58,755 INFO scheduler Scheduled Job Complete: erpnext.stock.doctype.repost_item_valuation.repost_item_valuation.repost_entries for makkah.portal.com
2022-07-17 08:57:58,798 INFO scheduler Scheduled Job Complete: erpnext.hr.doctype.employee.employee_reminders.send_reminders_in_advance_weekly for makkah.portal.com
2022-07-17 08:57:58,814 INFO scheduler Scheduled Job Start: erpnext.loan_management.doctype.process_loan_interest_accrual.process_loan_interest_accrual.process_loan_interest_accrual_for_demand_loans for makkah.portal.com
2022-07-17 08:57:58,853 INFO scheduler Scheduled Job Start: erpnext.hr.doctype.employee.employee_reminders.send_reminders_in_advance_monthly for makkah.portal.com
2022-07-17 08:57:59,023 INFO scheduler Scheduled Job Complete: erpnext.hr.doctype.employee.employee_reminders.send_reminders_in_advance_monthly for makkah.portal.com
2022-07-17 08:57:59,078 INFO scheduler Scheduled Job Start: erpnext.hr.doctype.interview.interview.send_daily_feedback_reminder for makkah.portal.com
2022-07-17 08:57:59,182 INFO scheduler Scheduled Job Complete: erpnext.loan_management.doctype.process_loan_interest_accrual.process_loan_interest_accrual.process_loan_interest_accrual_for_demand_loans for makkah.portal.com
2022-07-17 08:57:59,237 INFO scheduler Scheduled Job Start: erpnext.accounts.deferred_revenue.process_deferred_accounting for makkah.portal.com
2022-07-17 08:57:59,263 DEBUG scheduler Queued events for site makkah.portal.com
2022-07-17 08:57:59,295 INFO scheduler Scheduled Job Complete: erpnext.hr.doctype.interview.interview.send_daily_feedback_reminder for makkah.portal.com
2022-07-17 08:57:59,346 INFO scheduler Scheduled Job Start: erpnext.non_profit.doctype.membership.membership.set_expired_status for makkah.portal.com
2022-07-17 08:57:59,507 INFO scheduler Scheduled Job Complete: erpnext.non_profit.doctype.membership.membership.set_expired_status for makkah.portal.com
2022-07-17 08:57:59,524 INFO scheduler Scheduled Job Complete: erpnext.accounts.deferred_revenue.process_deferred_accounting for makkah.portal.com
2022-07-17 08:57:59,561 INFO scheduler Scheduled Job Start: erpnext.accounts.doctype.process_statement_of_accounts.process_statement_of_accounts.send_auto_email for makkah.portal.com
2022-07-17 08:57:59,576 INFO scheduler Scheduled Job Start: erpnext.crm.doctype.lead.lead.daily_open_lead for makkah.portal.com
2022-07-17 08:57:59,810 INFO scheduler Scheduled Job Complete: erpnext.accounts.doctype.process_statement_of_accounts.process_statement_of_accounts.send_auto_email for makkah.portal.com
2022-07-17 08:57:59,839 INFO scheduler Scheduled Job Complete: erpnext.crm.doctype.lead.lead.daily_open_lead for makkah.portal.com
2022-07-17 08:57:59,863 INFO scheduler Scheduled Job Start: erpnext.buying.doctype.supplier_quotation.supplier_quotation.set_expired_status for makkah.portal.com
2022-07-17 08:57:59,890 INFO scheduler Scheduled Job Start: erpnext.loan_management.doctype.process_loan_interest_accrual.process_loan_interest_accrual.process_loan_interest_accrual_for_term_loans for makkah.portal.com
2022-07-17 08:58:00,087 INFO scheduler Scheduled Job Complete: erpnext.buying.doctype.supplier_quotation.supplier_quotation.set_expired_status for makkah.portal.com
2022-07-17 08:58:00,111 INFO scheduler Scheduled Job Complete: erpnext.loan_management.doctype.process_loan_interest_accrual.process_loan_interest_accrual.process_loan_interest_accrual_for_term_loans for makkah.portal.com
2022-07-17 08:58:00,141 INFO scheduler Scheduled Job Start: erpnext.healthcare.doctype.patient_appointment.patient_appointment.update_appointment_status for makkah.portal.com
2022-07-17 08:58:00,162 INFO scheduler Scheduled Job Start: erpnext.loan_management.doctype.process_loan_security_shortfall.process_loan_security_shortfall.create_process_loan_security_shortfall for makkah.portal.com
2022-07-17 08:58:00,303 INFO scheduler Scheduled Job Failed: erpnext.healthcare.doctype.patient_appointment.patient_appointment.update_appointment_status for makkah.portal.com
2022-07-17 08:58:00,318 INFO scheduler Scheduled Job Complete: erpnext.loan_management.doctype.process_loan_security_shortfall.process_loan_security_shortfall.create_process_loan_security_shortfall for makkah.portal.com
2022-07-17 08:58:00,360 INFO scheduler Scheduled Job Start: erpnext.selling.doctype.quotation.quotation.set_expired_status for makkah.portal.com
2022-07-17 08:58:00,369 INFO scheduler Scheduled Job Start: erpnext.hr.utils.allocate_earned_leaves for makkah.portal.com
2022-07-17 08:58:00,556 INFO scheduler Scheduled Job Complete: erpnext.hr.utils.allocate_earned_leaves for makkah.portal.com
2022-07-17 08:58:00,588 INFO scheduler Scheduled Job Complete: erpnext.selling.doctype.quotation.quotation.set_expired_status for makkah.portal.com
2022-07-17 08:58:00,609 INFO scheduler Scheduled Job Start: erpnext.hr.utils.generate_leave_encashment for makkah.portal.com
2022-07-17 08:58:00,641 INFO scheduler Scheduled Job Start: erpnext.crm.doctype.email_campaign.email_campaign.set_email_campaign_status for makkah.portal.com
2022-07-17 08:58:00,770 INFO scheduler Scheduled Job Complete: erpnext.hr.utils.generate_leave_encashment for makkah.portal.com
2022-07-17 08:58:00,823 INFO scheduler Scheduled Job Start: erpnext.hr.doctype.leave_ledger_entry.leave_ledger_entry.process_expired_allocation for makkah.portal.com
2022-07-17 08:58:00,837 INFO scheduler Scheduled Job Complete: erpnext.crm.doctype.email_campaign.email_campaign.set_email_campaign_status for makkah.portal.com
2022-07-17 08:58:00,888 INFO scheduler Scheduled Job Start: erpnext.crm.doctype.email_campaign.email_campaign.send_email_to_leads_or_contacts for makkah.portal.com
2022-07-17 08:58:00,980 INFO scheduler Scheduled Job Complete: erpnext.hr.doctype.leave_ledger_entry.leave_ledger_entry.process_expired_allocation for makkah.portal.com
2022-07-17 08:58:01,030 INFO scheduler Scheduled Job Start: erpnext.manufacturing.doctype.bom_update_tool.bom_update_tool.auto_update_latest_price_in_all_boms for makkah.portal.com
2022-07-17 08:58:01,066 INFO scheduler Scheduled Job Complete: erpnext.crm.doctype.email_campaign.email_campaign.send_email_to_leads_or_contacts for makkah.portal.com
2022-07-17 08:58:01,118 INFO scheduler Scheduled Job Start: erpnext.support.doctype.service_level_agreement.service_level_agreement.check_agreement_status for makkah.portal.com
2022-07-17 08:58:01,216 INFO scheduler Scheduled Job Complete: erpnext.manufacturing.doctype.bom_update_tool.bom_update_tool.auto_update_latest_price_in_all_boms for makkah.portal.com
2022-07-17 08:58:01,267 INFO scheduler Scheduled Job Start: erpnext.setup.doctype.email_digest.email_digest.send for makkah.portal.com
2022-07-17 08:58:01,315 INFO scheduler Scheduled Job Complete: erpnext.support.doctype.service_level_agreement.service_level_agreement.check_agreement_status for makkah.portal.com
2022-07-17 08:58:01,366 INFO scheduler Scheduled Job Start: erpnext.quality_management.doctype.quality_review.quality_review.review for makkah.portal.com
2022-07-17 08:58:01,559 INFO scheduler Scheduled Job Complete: erpnext.quality_management.doctype.quality_review.quality_review.review for makkah.portal.com
2022-07-17 08:58:01,564 INFO scheduler Scheduled Job Failed: erpnext.setup.doctype.email_digest.email_digest.send for makkah.portal.com
2022-07-17 08:58:01,615 INFO scheduler Scheduled Job Start: erpnext.projects.doctype.project.project.send_project_status_email_to_users for makkah.portal.com
2022-07-17 08:58:01,623 INFO scheduler Scheduled Job Start: frappe.integrations.doctype.s3_backup_settings.s3_backup_settings.take_backups_monthly for makkah.portal.com
2022-07-17 08:58:01,846 INFO scheduler Scheduled Job Complete: erpnext.projects.doctype.project.project.send_project_status_email_to_users for makkah.portal.com
2022-07-17 08:58:01,866 INFO scheduler Scheduled Job Complete: frappe.integrations.doctype.s3_backup_settings.s3_backup_settings.take_backups_monthly for makkah.portal.com
2022-07-17 08:58:01,899 INFO scheduler Scheduled Job Start: erpnext.projects.doctype.project.project.update_project_sales_billing for makkah.portal.com
2022-07-17 08:58:01,918 INFO scheduler Scheduled Job Start: frappe.integrations.doctype.google_drive.google_drive.weekly_backup for makkah.portal.com
2022-07-17 08:58:02,130 INFO scheduler Scheduled Job Complete: erpnext.projects.doctype.project.project.update_project_sales_billing for makkah.portal.com
2022-07-17 08:58:02,181 INFO scheduler Scheduled Job Start: erpnext.crm.doctype.contract.contract.update_status_for_contracts for makkah.portal.com
2022-07-17 08:58:02,212 INFO scheduler Scheduled Job Complete: frappe.integrations.doctype.google_drive.google_drive.weekly_backup for makkah.portal.com
2022-07-17 08:58:02,265 INFO scheduler Scheduled Job Start: frappe.social.doctype.energy_point_log.energy_point_log.send_weekly_summary for makkah.portal.com
2022-07-17 08:58:02,371 INFO scheduler Scheduled Job Complete: erpnext.crm.doctype.contract.contract.update_status_for_contracts for makkah.portal.com
2022-07-17 08:58:02,422 INFO scheduler Scheduled Job Complete: frappe.social.doctype.energy_point_log.energy_point_log.send_weekly_summary for makkah.portal.com
2022-07-17 08:58:02,424 INFO scheduler Scheduled Job Start: erpnext.assets.doctype.asset.asset.make_post_gl_entry for makkah.portal.com
2022-07-17 08:58:02,474 INFO scheduler Scheduled Job Start: frappe.desk.form.document_follow.send_weekly_updates for makkah.portal.com
2022-07-17 08:58:02,653 INFO scheduler Scheduled Job Complete: frappe.desk.form.document_follow.send_weekly_updates for makkah.portal.com
2022-07-17 08:58:02,674 INFO scheduler Scheduled Job Complete: erpnext.assets.doctype.asset.asset.make_post_gl_entry for makkah.portal.com
2022-07-17 08:58:02,708 INFO scheduler Scheduled Job Start: frappe.desk.doctype.route_history.route_history.flush_old_route_records for makkah.portal.com
2022-07-17 08:58:02,727 INFO scheduler Scheduled Job Start: erpnext.assets.doctype.asset.asset.update_maintenance_status for makkah.portal.com
2022-07-17 08:58:02,866 INFO scheduler Scheduled Job Complete: frappe.desk.doctype.route_history.route_history.flush_old_route_records for makkah.portal.com
2022-07-17 08:58:02,918 INFO scheduler Scheduled Job Start: frappe.integrations.doctype.s3_backup_settings.s3_backup_settings.take_backups_weekly for makkah.portal.com
2022-07-17 08:58:02,991 INFO scheduler Scheduled Job Complete: erpnext.assets.doctype.asset.asset.update_maintenance_status for makkah.portal.com
2022-07-17 08:58:03,044 INFO scheduler Scheduled Job Start: erpnext.setup.doctype.company.company.cache_companies_monthly_sales_history for makkah.portal.com
2022-07-17 08:58:03,124 INFO scheduler Scheduled Job Complete: frappe.integrations.doctype.s3_backup_settings.s3_backup_settings.take_backups_weekly for makkah.portal.com
2022-07-17 08:58:03,177 INFO scheduler Scheduled Job Start: frappe.integrations.doctype.dropbox_settings.dropbox_settings.take_backups_weekly for makkah.portal.com
2022-07-17 08:58:03,234 INFO scheduler Scheduled Job Complete: erpnext.setup.doctype.company.company.cache_companies_monthly_sales_history for makkah.portal.com
2022-07-17 08:58:03,286 INFO scheduler Scheduled Job Start: erpnext.buying.doctype.supplier_scorecard.supplier_scorecard.refresh_scorecards for makkah.portal.com
2022-07-17 08:58:03,443 INFO scheduler Scheduled Job Complete: erpnext.buying.doctype.supplier_scorecard.supplier_scorecard.refresh_scorecards for makkah.portal.com
2022-07-17 08:58:03,495 INFO scheduler Scheduled Job Start: erpnext.stock.doctype.serial_no.serial_no.update_maintenance_status for makkah.portal.com
2022-07-17 08:58:03,509 INFO scheduler Scheduled Job Complete: frappe.integrations.doctype.dropbox_settings.dropbox_settings.take_backups_weekly for makkah.portal.com
2022-07-17 08:58:03,562 INFO scheduler Scheduled Job Start: frappe.integrations.doctype.google_drive.google_drive.daily_backup for makkah.portal.com
2022-07-17 08:58:03,720 INFO scheduler Scheduled Job Complete: erpnext.stock.doctype.serial_no.serial_no.update_maintenance_status for makkah.portal.com
2022-07-17 08:58:03,773 INFO scheduler Scheduled Job Start: erpnext.hr.doctype.daily_work_summary_group.daily_work_summary_group.send_summary for makkah.portal.com
2022-07-17 08:58:03,839 INFO scheduler Scheduled Job Complete: frappe.integrations.doctype.google_drive.google_drive.daily_backup for makkah.portal.com
2022-07-17 08:58:03,892 INFO scheduler Scheduled Job Start: frappe.email.doctype.auto_email_report.auto_email_report.send_daily for makkah.portal.com
2022-07-17 08:58:03,956 INFO scheduler Scheduled Job Complete: erpnext.hr.doctype.daily_work_summary_group.daily_work_summary_group.send_summary for makkah.portal.com
2022-07-17 08:58:04,008 INFO scheduler Scheduled Job Start: erpnext.assets.doctype.asset.depreciation.post_depreciation_entries for makkah.portal.com
2022-07-17 08:58:04,166 INFO scheduler Scheduled Job Complete: erpnext.assets.doctype.asset.depreciation.post_depreciation_entries for makkah.portal.com
2022-07-17 08:58:04,216 INFO scheduler Scheduled Job Start: erpnext.projects.doctype.task.task.set_tasks_as_overdue for makkah.portal.com
2022-07-17 08:58:04,300 INFO scheduler Scheduled Job Complete: frappe.email.doctype.auto_email_report.auto_email_report.send_daily for makkah.portal.com
2022-07-17 08:58:04,352 INFO scheduler Scheduled Job Start: frappe.integrations.doctype.s3_backup_settings.s3_backup_settings.take_backups_daily for makkah.portal.com
2022-07-17 08:58:04,413 INFO scheduler Scheduled Job Complete: erpnext.projects.doctype.task.task.set_tasks_as_overdue for makkah.portal.com
2022-07-17 08:58:04,466 INFO scheduler Scheduled Job Start: erpnext.hr.doctype.employee.employee_reminders.send_birthday_reminders for makkah.portal.com
2022-07-17 08:58:04,565 INFO scheduler Scheduled Job Complete: frappe.integrations.doctype.s3_backup_settings.s3_backup_settings.take_backups_daily for makkah.portal.com
2022-07-17 08:58:04,620 INFO scheduler Scheduled Job Start: frappe.utils.change_log.check_for_update for makkah.portal.com
2022-07-17 08:58:04,629 INFO scheduler Scheduled Job Complete: erpnext.hr.doctype.employee.employee_reminders.send_birthday_reminders for makkah.portal.com
2022-07-17 08:58:04,682 INFO scheduler Scheduled Job Start: erpnext.hr.doctype.employee.employee_reminders.send_work_anniversary_reminders for makkah.portal.com
2022-07-17 08:58:04,839 INFO scheduler Scheduled Job Complete: erpnext.hr.doctype.employee.employee_reminders.send_work_anniversary_reminders for makkah.portal.com
2022-07-17 08:58:04,889 INFO scheduler Scheduled Job Start: erpnext.accounts.doctype.fiscal_year.fiscal_year.auto_create_fiscal_year for makkah.portal.com
2022-07-17 08:58:05,036 INFO scheduler Scheduled Job Complete: erpnext.accounts.doctype.fiscal_year.fiscal_year.auto_create_fiscal_year for makkah.portal.com
2022-07-17 08:58:05,085 INFO scheduler Scheduled Job Start: erpnext.controllers.accounts_controller.update_invoice_status for makkah.portal.com
2022-07-17 08:58:05,293 INFO scheduler Scheduled Job Complete: erpnext.controllers.accounts_controller.update_invoice_status for makkah.portal.com
2022-07-17 08:58:05,344 INFO scheduler Scheduled Job Start: erpnext.crm.doctype.opportunity.opportunity.auto_close_opportunity for makkah.portal.com
2022-07-17 08:58:05,517 INFO scheduler Scheduled Job Complete: erpnext.crm.doctype.opportunity.opportunity.auto_close_opportunity for makkah.portal.com
2022-07-17 08:58:05,567 INFO scheduler Scheduled Job Start: erpnext.support.doctype.issue.issue.auto_close_tickets for makkah.portal.com
2022-07-17 08:58:05,716 INFO scheduler Scheduled Job Complete: erpnext.support.doctype.issue.issue.auto_close_tickets for makkah.portal.com
2022-07-17 08:58:05,765 INFO scheduler Scheduled Job Start: erpnext.stock.reorder_item.reorder_item for makkah.portal.com
2022-07-17 08:58:05,947 INFO scheduler Scheduled Job Complete: erpnext.stock.reorder_item.reorder_item for makkah.portal.com
2022-07-17 08:58:05,999 INFO scheduler Scheduled Job Start: erpnext.erpnext_integrations.connectors.shopify_connection.sync_old_orders for makkah.portal.com
2022-07-17 08:58:06,267 INFO scheduler Scheduled Job Complete: erpnext.erpnext_integrations.connectors.shopify_connection.sync_old_orders for makkah.portal.com
2022-07-17 08:58:06,317 INFO scheduler Scheduled Job Start: erpnext.support.doctype.issue.issue.set_service_level_agreement_variance for makkah.portal.com
2022-07-17 08:58:06,500 INFO scheduler Scheduled Job Complete: erpnext.support.doctype.issue.issue.set_service_level_agreement_variance for makkah.portal.com
2022-07-17 08:58:06,550 INFO scheduler Scheduled Job Start: erpnext.hr.doctype.shift_type.shift_type.process_auto_attendance_for_all_shifts for makkah.portal.com
2022-07-17 08:58:06,730 INFO scheduler Scheduled Job Complete: erpnext.hr.doctype.shift_type.shift_type.process_auto_attendance_for_all_shifts for makkah.portal.com
2022-07-17 08:58:06,780 INFO scheduler Scheduled Job Start: erpnext.projects.doctype.project.project.collect_project_status for makkah.portal.com
2022-07-17 08:58:06,983 INFO scheduler Scheduled Job Complete: erpnext.projects.doctype.project.project.collect_project_status for makkah.portal.com
2022-07-17 08:58:07,034 INFO scheduler Scheduled Job Start: erpnext.projects.doctype.project.project.hourly_reminder for makkah.portal.com
2022-07-17 08:58:07,259 INFO scheduler Scheduled Job Complete: erpnext.projects.doctype.project.project.hourly_reminder for makkah.portal.com
2022-07-17 08:58:07,310 INFO scheduler Scheduled Job Start: erpnext.erpnext_integrations.doctype.plaid_settings.plaid_settings.automatic_synchronization for makkah.portal.com
2022-07-17 08:58:07,569 INFO scheduler Scheduled Job Complete: erpnext.erpnext_integrations.doctype.plaid_settings.plaid_settings.automatic_synchronization for makkah.portal.com
2022-07-17 08:58:07,621 INFO scheduler Scheduled Job Start: erpnext.accounts.doctype.gl_entry.gl_entry.rename_gle_sle_docs for makkah.portal.com
2022-07-17 08:58:07,840 INFO scheduler Scheduled Job Complete: erpnext.accounts.doctype.gl_entry.gl_entry.rename_gle_sle_docs for makkah.portal.com
2022-07-17 08:58:07,890 INFO scheduler Scheduled Job Start: erpnext.erpnext_integrations.doctype.amazon_mws_settings.amazon_mws_settings.schedule_get_order_details for makkah.portal.com
2022-07-17 08:58:08,071 INFO scheduler Scheduled Job Complete: erpnext.erpnext_integrations.doctype.amazon_mws_settings.amazon_mws_settings.schedule_get_order_details for makkah.portal.com
2022-07-17 08:58:08,121 INFO scheduler Scheduled Job Start: erpnext.accounts.doctype.subscription.subscription.process_all for makkah.portal.com
2022-07-17 08:58:08,323 INFO scheduler Scheduled Job Complete: erpnext.accounts.doctype.subscription.subscription.process_all for makkah.portal.com
2022-07-17 08:58:08,373 INFO scheduler Scheduled Job Start: erpnext.hr.doctype.daily_work_summary_group.daily_work_summary_group.trigger_emails for makkah.portal.com
2022-07-17 08:58:08,550 INFO scheduler Scheduled Job Complete: erpnext.hr.doctype.daily_work_summary_group.daily_work_summary_group.trigger_emails for makkah.portal.com
2022-07-17 08:58:08,600 INFO scheduler Scheduled Job Start: erpnext.crm.doctype.social_media_post.social_media_post.process_scheduled_social_media_posts for makkah.portal.com
2022-07-17 08:58:08,764 INFO scheduler Scheduled Job Complete: erpnext.crm.doctype.social_media_post.social_media_post.process_scheduled_social_media_posts for makkah.portal.com
2022-07-17 08:58:08,812 INFO scheduler Scheduled Job Start: erpnext.hr.doctype.interview.interview.send_interview_reminder for makkah.portal.com
2022-07-17 08:58:08,836 INFO scheduler Scheduled Job Complete: frappe.utils.change_log.check_for_update for makkah.portal.com
2022-07-17 08:58:08,889 INFO scheduler Scheduled Job Start: frappe.integrations.doctype.dropbox_settings.dropbox_settings.take_backups_daily for makkah.portal.com
2022-07-17 08:58:08,962 INFO scheduler Scheduled Job Complete: erpnext.hr.doctype.interview.interview.send_interview_reminder for makkah.portal.com
2022-07-17 08:58:09,012 INFO scheduler Scheduled Job Start: erpnext.healthcare.doctype.patient_appointment.patient_appointment.send_appointment_reminder for makkah.portal.com
2022-07-17 08:58:09,189 INFO scheduler Scheduled Job Complete: erpnext.healthcare.doctype.patient_appointment.patient_appointment.send_appointment_reminder for makkah.portal.com
2022-07-17 08:58:09,208 INFO scheduler Scheduled Job Complete: frappe.integrations.doctype.dropbox_settings.dropbox_settings.take_backups_daily for makkah.portal.com
2022-07-17 08:58:09,239 INFO scheduler Scheduled Job Start: erpnext.projects.doctype.project.project.project_status_update_reminder for makkah.portal.com
2022-07-17 08:58:09,422 INFO scheduler Scheduled Job Complete: erpnext.projects.doctype.project.project.project_status_update_reminder for makkah.portal.com
2022-07-17 08:58:09,471 INFO scheduler Scheduled Job Start: erpnext.utilities.doctype.video.video.update_youtube_data for makkah.portal.com
2022-07-17 08:58:09,712 INFO scheduler Scheduled Job Complete: erpnext.utilities.doctype.video.video.update_youtube_data for makkah.portal.com
2022-07-17 08:58:09,763 INFO scheduler Scheduled Job Start: erpnext.manufacturing.doctype.bom_update_log.bom_update_log.resume_bom_cost_update_jobs for makkah.portal.com
2022-07-17 08:58:09,945 INFO scheduler Scheduled Job Complete: erpnext.manufacturing.doctype.bom_update_log.bom_update_log.resume_bom_cost_update_jobs for makkah.portal.com
2022-07-17 08:58:09,998 INFO scheduler Scheduled Job Start: frappe.social.doctype.energy_point_log.energy_point_log.send_monthly_summary for makkah.portal.com
2022-07-17 08:58:10,147 INFO scheduler Scheduled Job Complete: frappe.social.doctype.energy_point_log.energy_point_log.send_monthly_summary for makkah.portal.com
2022-07-17 08:58:10,199 INFO scheduler Scheduled Job Start: frappe.email.doctype.auto_email_report.auto_email_report.send_monthly for makkah.portal.com
2022-07-17 08:58:10,495 INFO scheduler Scheduled Job Complete: frappe.email.doctype.auto_email_report.auto_email_report.send_monthly for makkah.portal.com
2022-07-17 08:58:10,549 INFO scheduler Scheduled Job Start: frappe.core.doctype.log_settings.log_settings.run_log_clean_up for makkah.portal.com
2022-07-17 08:58:10,737 INFO scheduler Scheduled Job Complete: frappe.core.doctype.log_settings.log_settings.run_log_clean_up for makkah.portal.com
2022-07-17 08:58:10,790 INFO scheduler Scheduled Job Start: frappe.core.doctype.prepared_report.prepared_report.delete_expired_prepared_reports for makkah.portal.com
2022-07-17 08:58:10,981 INFO scheduler Scheduled Job Complete: frappe.core.doctype.prepared_report.prepared_report.delete_expired_prepared_reports for makkah.portal.com
2022-07-17 08:58:11,034 INFO scheduler Scheduled Job Start: frappe.email.doctype.unhandled_email.unhandled_email.remove_old_unhandled_emails for makkah.portal.com
2022-07-17 08:58:11,184 INFO scheduler Scheduled Job Complete: frappe.email.doctype.unhandled_email.unhandled_email.remove_old_unhandled_emails for makkah.portal.com
2022-07-17 08:58:11,234 INFO scheduler Scheduled Job Start: frappe.automation.doctype.auto_repeat.auto_repeat.set_auto_repeat_as_completed for makkah.portal.com
2022-07-17 08:58:11,431 INFO scheduler Scheduled Job Complete: frappe.automation.doctype.auto_repeat.auto_repeat.set_auto_repeat_as_completed for makkah.portal.com
2022-07-17 08:58:11,483 INFO scheduler Scheduled Job Start: frappe.automation.doctype.auto_repeat.auto_repeat.make_auto_repeat_entry for makkah.portal.com
2022-07-17 08:58:11,664 INFO scheduler Scheduled Job Complete: frappe.automation.doctype.auto_repeat.auto_repeat.make_auto_repeat_entry for makkah.portal.com
2022-07-17 08:58:11,716 INFO scheduler Scheduled Job Start: frappe.integrations.doctype.google_contacts.google_contacts.sync for makkah.portal.com
2022-07-17 08:58:12,012 INFO scheduler Scheduled Job Complete: frappe.integrations.doctype.google_contacts.google_contacts.sync for makkah.portal.com
2022-07-17 08:58:12,065 INFO scheduler Scheduled Job Start: frappe.social.doctype.energy_point_settings.energy_point_settings.allocate_review_points for makkah.portal.com
2022-07-17 08:58:12,297 INFO scheduler Scheduled Job Complete: frappe.social.doctype.energy_point_settings.energy_point_settings.allocate_review_points for makkah.portal.com
2022-07-17 08:58:12,359 INFO scheduler Scheduled Job Start: frappe.desk.form.document_follow.send_daily_updates for makkah.portal.com
2022-07-17 08:58:12,543 INFO scheduler Scheduled Job Complete: frappe.desk.form.document_follow.send_daily_updates for makkah.portal.com
2022-07-17 08:58:12,600 INFO scheduler Scheduled Job Start: frappe.website.doctype.personal_data_deletion_request.personal_data_deletion_request.remove_unverified_record for makkah.portal.com
2022-07-17 08:58:12,769 INFO scheduler Scheduled Job Complete: frappe.website.doctype.personal_data_deletion_request.personal_data_deletion_request.remove_unverified_record for makkah.portal.com
2022-07-17 08:58:12,826 INFO scheduler Scheduled Job Start: frappe.utils.scheduler.restrict_scheduler_events_if_dormant for makkah.portal.com
2022-07-17 08:58:12,988 INFO scheduler Scheduled Job Failed: frappe.utils.scheduler.restrict_scheduler_events_if_dormant for makkah.portal.com
2022-07-17 08:58:13,044 INFO scheduler Scheduled Job Start: frappe.email.doctype.notification.notification.trigger_daily_alerts for makkah.portal.com
2022-07-17 08:58:13,263 INFO scheduler Scheduled Job Complete: frappe.email.doctype.notification.notification.trigger_daily_alerts for makkah.portal.com
2022-07-17 08:58:13,321 INFO scheduler Scheduled Job Start: frappe.sessions.clear_expired_sessions for makkah.portal.com
2022-07-17 08:58:13,492 INFO scheduler Scheduled Job Complete: frappe.sessions.clear_expired_sessions for makkah.portal.com
2022-07-17 08:58:13,552 INFO scheduler Scheduled Job Start: frappe.desk.doctype.event.event.send_event_digest for makkah.portal.com
2022-07-17 08:58:13,746 INFO scheduler Scheduled Job Complete: frappe.desk.doctype.event.event.send_event_digest for makkah.portal.com
2022-07-17 08:58:13,804 INFO scheduler Scheduled Job Start: frappe.core.doctype.error_log.error_log.set_old_logs_as_seen for makkah.portal.com
2022-07-17 08:58:13,975 INFO scheduler Scheduled Job Complete: frappe.core.doctype.error_log.error_log.set_old_logs_as_seen for makkah.portal.com
2022-07-17 08:58:14,031 INFO scheduler Scheduled Job Start: frappe.desk.notifications.clear_notifications for makkah.portal.com
2022-07-17 08:58:14,206 INFO scheduler Scheduled Job Complete: frappe.desk.notifications.clear_notifications for makkah.portal.com
2022-07-17 08:58:14,265 INFO scheduler Scheduled Job Start: frappe.email.queue.set_expiry_for_email_queue for makkah.portal.com
2022-07-17 08:58:14,449 INFO scheduler Scheduled Job Complete: frappe.email.queue.set_expiry_for_email_queue for makkah.portal.com
2022-07-17 08:58:14,506 INFO scheduler Scheduled Job Start: frappe.email.doctype.newsletter.newsletter.send_scheduled_email for makkah.portal.com
2022-07-17 08:58:14,750 INFO scheduler Scheduled Job Complete: frappe.email.doctype.newsletter.newsletter.send_scheduled_email for makkah.portal.com
2022-07-17 08:58:14,815 INFO scheduler Scheduled Job Start: frappe.integrations.doctype.google_calendar.google_calendar.sync for makkah.portal.com
2022-07-17 08:58:15,147 INFO scheduler Scheduled Job Complete: frappe.integrations.doctype.google_calendar.google_calendar.sync for makkah.portal.com
2022-07-17 08:58:15,199 INFO scheduler Scheduled Job Start: frappe.desk.form.document_follow.send_hourly_updates for makkah.portal.com
2022-07-17 08:58:15,380 INFO scheduler Scheduled Job Complete: frappe.desk.form.document_follow.send_hourly_updates for makkah.portal.com
2022-07-17 08:58:15,439 INFO scheduler Scheduled Job Start: frappe.deferred_insert.save_to_db for makkah.portal.com
2022-07-17 08:58:15,621 INFO scheduler Scheduled Job Complete: frappe.deferred_insert.save_to_db for makkah.portal.com
2022-07-17 08:58:15,682 INFO scheduler Scheduled Job Start: frappe.desk.page.backups.backups.delete_downloadable_backups for makkah.portal.com
2022-07-17 08:58:15,863 INFO scheduler Scheduled Job Complete: frappe.desk.page.backups.backups.delete_downloadable_backups for makkah.portal.com
2022-07-17 08:58:15,923 INFO scheduler Scheduled Job Start: frappe.utils.error.collect_error_snapshots for makkah.portal.com
2022-07-17 08:58:16,074 INFO scheduler Scheduled Job Complete: frappe.utils.error.collect_error_snapshots for makkah.portal.com
2022-07-17 08:58:16,127 INFO scheduler Scheduled Job Start: frappe.model.utils.user_settings.sync_user_settings for makkah.portal.com
2022-07-17 08:58:16,283 INFO scheduler Scheduled Job Complete: frappe.model.utils.user_settings.sync_user_settings for makkah.portal.com
2022-07-17 08:58:16,339 INFO scheduler Scheduled Job Start: frappe.model.utils.link_count.update_link_count for makkah.portal.com
2022-07-17 08:58:16,505 INFO scheduler Scheduled Job Complete: frappe.model.utils.link_count.update_link_count for makkah.portal.com
2022-07-17 08:58:16,561 INFO scheduler Scheduled Job Start: frappe.monitor.flush for makkah.portal.com
2022-07-17 08:58:16,701 INFO scheduler Scheduled Job Complete: frappe.monitor.flush for makkah.portal.com
2022-07-17 08:58:16,752 INFO scheduler Scheduled Job Start: frappe.utils.global_search.sync_global_search for makkah.portal.com
2022-07-17 08:58:16,892 INFO scheduler Scheduled Job Complete: frappe.utils.global_search.sync_global_search for makkah.portal.com
2022-07-17 08:58:16,946 INFO scheduler Scheduled Job Start: frappe.integrations.doctype.razorpay_settings.razorpay_settings.capture_payment for makkah.portal.com
2022-07-17 08:58:17,215 INFO scheduler Scheduled Job Complete: frappe.integrations.doctype.razorpay_settings.razorpay_settings.capture_payment for makkah.portal.com
2022-07-17 08:58:17,265 INFO scheduler Scheduled Job Start: frappe.email.doctype.email_account.email_account.notify_unreplied for makkah.portal.com
2022-07-17 08:58:17,461 INFO scheduler Scheduled Job Complete: frappe.email.doctype.email_account.email_account.notify_unreplied for makkah.portal.com
2022-07-17 08:58:17,513 INFO scheduler Scheduled Job Start: frappe.email.doctype.email_account.email_account.pull for makkah.portal.com
2022-07-17 08:58:17,682 INFO scheduler Scheduled Job Complete: frappe.email.doctype.email_account.email_account.pull for makkah.portal.com
2022-07-17 08:58:17,731 INFO scheduler Scheduled Job Start: frappe.email.queue.flush for makkah.portal.com
2022-07-17 08:58:17,870 INFO scheduler Scheduled Job Complete: frappe.email.queue.flush for makkah.portal.com
2022-07-17 08:58:17,922 INFO scheduler Scheduled Job Start: frappe.twofactor.delete_all_barcodes_for_users for makkah.portal.com
2022-07-17 08:58:18,126 INFO scheduler Scheduled Job Complete: frappe.twofactor.delete_all_barcodes_for_users for makkah.portal.com
2022-07-17 08:58:18,183 INFO scheduler Scheduled Job Start: frappe.website.doctype.web_page.web_page.check_publish_status for makkah.portal.com
2022-07-17 08:58:18,434 INFO scheduler Scheduled Job Complete: frappe.website.doctype.web_page.web_page.check_publish_status for makkah.portal.com
2022-07-17 08:58:18,490 INFO scheduler Scheduled Job Start: frappe.oauth.delete_oauth2_data for makkah.portal.com
2022-07-17 08:58:18,715 INFO scheduler Scheduled Job Complete: frappe.oauth.delete_oauth2_data for makkah.portal.com
2022-07-17 08:58:59,335 DEBUG scheduler Queued events for site makkah.portal.com
2022-07-17 08:59:59,444 DEBUG scheduler Queued events for site makkah.portal.com
2022-07-17 09:00:59,557 DEBUG scheduler Queued events for site makkah.portal.com
2022-07-17 09:01:59,670 DEBUG scheduler Queued events for site makkah.portal.com
2022-07-17 09:02:59,788 DEBUG scheduler Queued events for site makkah.portal.com
2022-07-17 09:03:59,904 DEBUG scheduler Queued events for site makkah.portal.com
2022-07-17 09:05:00,020 DEBUG scheduler Queued events for site makkah.portal.com
2022-07-17 09:06:00,136 DEBUG scheduler Queued events for site makkah.portal.com
2022-07-17 09:07:00,249 DEBUG scheduler Queued events for site makkah.portal.com
2022-07-17 09:08:00,367 DEBUG scheduler Queued events for site makkah.portal.com
2022-07-17 09:09:00,510 INFO scheduler Scheduled Job Start: erpnext.stock.doctype.repost_item_valuation.repost_item_valuation.repost_entries for makkah.portal.com
2022-07-17 09:09:00,561 INFO scheduler Scheduled Job Start: erpnext.erpnext_integrations.connectors.shopify_connection.sync_old_orders for makkah.portal.com
2022-07-17 09:09:00,707 INFO scheduler Scheduled Job Complete: erpnext.stock.doctype.repost_item_valuation.repost_item_valuation.repost_entries for makkah.portal.com
2022-07-17 09:09:00,787 DEBUG scheduler Queued events for site makkah.portal.com
2022-07-17 09:09:00,845 INFO scheduler Scheduled Job Complete: erpnext.erpnext_integrations.connectors.shopify_connection.sync_old_orders for makkah.portal.com
2022-07-17 09:09:00,900 INFO scheduler Scheduled Job Start: erpnext.support.doctype.issue.issue.set_service_level_agreement_variance for makkah.portal.com
2022-07-17 09:09:01,090 INFO scheduler Scheduled Job Complete: erpnext.support.doctype.issue.issue.set_service_level_agreement_variance for makkah.portal.com
2022-07-17 09:09:01,146 INFO scheduler Scheduled Job Start: erpnext.hr.doctype.shift_type.shift_type.process_auto_attendance_for_all_shifts for makkah.portal.com
2022-07-17 09:09:01,324 INFO scheduler Scheduled Job Complete: erpnext.hr.doctype.shift_type.shift_type.process_auto_attendance_for_all_shifts for makkah.portal.com
2022-07-17 09:09:01,378 INFO scheduler Scheduled Job Start: erpnext.projects.doctype.project.project.collect_project_status for makkah.portal.com
2022-07-17 09:09:01,603 INFO scheduler Scheduled Job Complete: erpnext.projects.doctype.project.project.collect_project_status for makkah.portal.com
2022-07-17 09:09:01,669 INFO scheduler Scheduled Job Start: erpnext.projects.doctype.project.project.hourly_reminder for makkah.portal.com
2022-07-17 09:09:01,928 INFO scheduler Scheduled Job Complete: erpnext.projects.doctype.project.project.hourly_reminder for makkah.portal.com
2022-07-17 09:09:01,995 INFO scheduler Scheduled Job Start: erpnext.erpnext_integrations.doctype.plaid_settings.plaid_settings.automatic_synchronization for makkah.portal.com
2022-07-17 09:09:02,256 INFO scheduler Scheduled Job Complete: erpnext.erpnext_integrations.doctype.plaid_settings.plaid_settings.automatic_synchronization for makkah.portal.com
2022-07-17 09:09:02,311 INFO scheduler Scheduled Job Start: erpnext.accounts.doctype.gl_entry.gl_entry.rename_gle_sle_docs for makkah.portal.com
2022-07-17 09:09:02,498 INFO scheduler Scheduled Job Complete: erpnext.accounts.doctype.gl_entry.gl_entry.rename_gle_sle_docs for makkah.portal.com
2022-07-17 09:09:02,551 INFO scheduler Scheduled Job Start: erpnext.erpnext_integrations.doctype.amazon_mws_settings.amazon_mws_settings.schedule_get_order_details for makkah.portal.com
2022-07-17 09:09:02,706 INFO scheduler Scheduled Job Complete: erpnext.erpnext_integrations.doctype.amazon_mws_settings.amazon_mws_settings.schedule_get_order_details for makkah.portal.com
2022-07-17 09:09:02,756 INFO scheduler Scheduled Job Start: erpnext.accounts.doctype.subscription.subscription.process_all for makkah.portal.com
2022-07-17 09:09:02,958 INFO scheduler Scheduled Job Complete: erpnext.accounts.doctype.subscription.subscription.process_all for makkah.portal.com
2022-07-17 09:09:03,010 INFO scheduler Scheduled Job Start: erpnext.hr.doctype.daily_work_summary_group.daily_work_summary_group.trigger_emails for makkah.portal.com
2022-07-17 09:09:03,172 INFO scheduler Scheduled Job Complete: erpnext.hr.doctype.daily_work_summary_group.daily_work_summary_group.trigger_emails for makkah.portal.com
2022-07-17 09:09:03,224 INFO scheduler Scheduled Job Start: erpnext.crm.doctype.social_media_post.social_media_post.process_scheduled_social_media_posts for makkah.portal.com
2022-07-17 09:09:03,367 INFO scheduler Scheduled Job Complete: erpnext.crm.doctype.social_media_post.social_media_post.process_scheduled_social_media_posts for makkah.portal.com
2022-07-17 09:09:03,415 INFO scheduler Scheduled Job Start: erpnext.hr.doctype.interview.interview.send_interview_reminder for makkah.portal.com
2022-07-17 09:09:03,558 INFO scheduler Scheduled Job Complete: erpnext.hr.doctype.interview.interview.send_interview_reminder for makkah.portal.com
2022-07-17 09:09:03,608 INFO scheduler Scheduled Job Start: erpnext.healthcare.doctype.patient_appointment.patient_appointment.send_appointment_reminder for makkah.portal.com
2022-07-17 09:09:03,737 INFO scheduler Scheduled Job Complete: erpnext.healthcare.doctype.patient_appointment.patient_appointment.send_appointment_reminder for makkah.portal.com
2022-07-17 09:09:03,792 INFO scheduler Scheduled Job Start: erpnext.projects.doctype.project.project.project_status_update_reminder for makkah.portal.com
2022-07-17 09:09:04,001 INFO scheduler Scheduled Job Complete: erpnext.projects.doctype.project.project.project_status_update_reminder for makkah.portal.com
2022-07-17 09:09:04,049 INFO scheduler Scheduled Job Start: erpnext.utilities.doctype.video.video.update_youtube_data for makkah.portal.com
2022-07-17 09:09:04,335 INFO scheduler Scheduled Job Failed: erpnext.utilities.doctype.video.video.update_youtube_data for makkah.portal.com
2022-07-17 09:09:04,396 INFO scheduler Scheduled Job Start: erpnext.manufacturing.doctype.bom_update_log.bom_update_log.resume_bom_cost_update_jobs for makkah.portal.com
2022-07-17 09:09:04,570 INFO scheduler Scheduled Job Complete: erpnext.manufacturing.doctype.bom_update_log.bom_update_log.resume_bom_cost_update_jobs for makkah.portal.com
2022-07-17 09:09:04,621 INFO scheduler Scheduled Job Start: frappe.email.doctype.newsletter.newsletter.send_scheduled_email for makkah.portal.com
2022-07-17 09:09:04,816 INFO scheduler Scheduled Job Complete: frappe.email.doctype.newsletter.newsletter.send_scheduled_email for makkah.portal.com
2022-07-17 09:09:04,871 INFO scheduler Scheduled Job Start: frappe.integrations.doctype.google_calendar.google_calendar.sync for makkah.portal.com
2022-07-17 09:09:05,164 INFO scheduler Scheduled Job Complete: frappe.integrations.doctype.google_calendar.google_calendar.sync for makkah.portal.com
2022-07-17 09:09:05,219 INFO scheduler Scheduled Job Start: frappe.desk.form.document_follow.send_hourly_updates for makkah.portal.com
2022-07-17 09:09:05,396 INFO scheduler Scheduled Job Complete: frappe.desk.form.document_follow.send_hourly_updates for makkah.portal.com
2022-07-17 09:09:05,450 INFO scheduler Scheduled Job Start: frappe.deferred_insert.save_to_db for makkah.portal.com
2022-07-17 09:09:05,597 INFO scheduler Scheduled Job Complete: frappe.deferred_insert.save_to_db for makkah.portal.com
2022-07-17 09:09:05,648 INFO scheduler Scheduled Job Start: frappe.desk.page.backups.backups.delete_downloadable_backups for makkah.portal.com
2022-07-17 09:09:05,799 INFO scheduler Scheduled Job Complete: frappe.desk.page.backups.backups.delete_downloadable_backups for makkah.portal.com
2022-07-17 09:09:05,849 INFO scheduler Scheduled Job Start: frappe.utils.error.collect_error_snapshots for makkah.portal.com
2022-07-17 09:09:06,008 INFO scheduler Scheduled Job Complete: frappe.utils.error.collect_error_snapshots for makkah.portal.com
2022-07-17 09:09:06,060 INFO scheduler Scheduled Job Start: frappe.model.utils.user_settings.sync_user_settings for makkah.portal.com
2022-07-17 09:09:06,217 INFO scheduler Scheduled Job Complete: frappe.model.utils.user_settings.sync_user_settings for makkah.portal.com
2022-07-17 09:09:06,271 INFO scheduler Scheduled Job Start: frappe.model.utils.link_count.update_link_count for makkah.portal.com
2022-07-17 09:09:06,431 INFO scheduler Scheduled Job Complete: frappe.model.utils.link_count.update_link_count for makkah.portal.com
2022-07-17 09:09:06,486 INFO scheduler Scheduled Job Start: frappe.monitor.flush for makkah.portal.com
2022-07-17 09:09:06,619 INFO scheduler Scheduled Job Complete: frappe.monitor.flush for makkah.portal.com
2022-07-17 09:09:06,670 INFO scheduler Scheduled Job Start: frappe.utils.global_search.sync_global_search for makkah.portal.com
2022-07-17 09:09:06,800 INFO scheduler Scheduled Job Complete: frappe.utils.global_search.sync_global_search for makkah.portal.com
2022-07-17 09:09:06,850 INFO scheduler Scheduled Job Start: frappe.integrations.doctype.razorpay_settings.razorpay_settings.capture_payment for makkah.portal.com
2022-07-17 09:09:07,065 INFO scheduler Scheduled Job Complete: frappe.integrations.doctype.razorpay_settings.razorpay_settings.capture_payment for makkah.portal.com
2022-07-17 09:09:07,114 INFO scheduler Scheduled Job Start: frappe.email.doctype.email_account.email_account.notify_unreplied for makkah.portal.com
2022-07-17 09:09:07,273 INFO scheduler Scheduled Job Complete: frappe.email.doctype.email_account.email_account.notify_unreplied for makkah.portal.com
2022-07-17 09:09:07,323 INFO scheduler Scheduled Job Start: frappe.email.doctype.email_account.email_account.pull for makkah.portal.com
2022-07-17 09:09:07,488 INFO scheduler Scheduled Job Complete: frappe.email.doctype.email_account.email_account.pull for makkah.portal.com
2022-07-17 09:09:07,535 INFO scheduler Scheduled Job Start: frappe.email.queue.flush for makkah.portal.com
2022-07-17 09:09:07,666 INFO scheduler Scheduled Job Complete: frappe.email.queue.flush for makkah.portal.com
2022-07-17 09:09:07,715 INFO scheduler Scheduled Job Start: frappe.twofactor.delete_all_barcodes_for_users for makkah.portal.com
2022-07-17 09:09:07,883 INFO scheduler Scheduled Job Complete: frappe.twofactor.delete_all_barcodes_for_users for makkah.portal.com
2022-07-17 09:09:07,934 INFO scheduler Scheduled Job Start: frappe.website.doctype.web_page.web_page.check_publish_status for makkah.portal.com
2022-07-17 09:09:08,129 INFO scheduler Scheduled Job Complete: frappe.website.doctype.web_page.web_page.check_publish_status for makkah.portal.com
2022-07-17 09:09:08,184 INFO scheduler Scheduled Job Start: frappe.oauth.delete_oauth2_data for makkah.portal.com
2022-07-17 09:09:08,374 INFO scheduler Scheduled Job Complete: frappe.oauth.delete_oauth2_data for makkah.portal.com
2022-07-17 09:10:01,142 DEBUG scheduler Queued events for site makkah.portal.com
2022-07-17 09:10:01,144 INFO scheduler Scheduled Job Start: erpnext.manufacturing.doctype.bom_update_log.bom_update_log.resume_bom_cost_update_jobs for makkah.portal.com
2022-07-17 09:10:01,306 INFO scheduler Scheduled Job Complete: erpnext.manufacturing.doctype.bom_update_log.bom_update_log.resume_bom_cost_update_jobs for makkah.portal.com
2022-07-17 09:11:01,523 DEBUG scheduler Queued events for site makkah.portal.com
2022-07-17 09:12:01,842 INFO scheduler Scheduled Job Start: erpnext.crm.doctype.social_media_post.social_media_post.process_scheduled_social_media_posts for makkah.portal.com
2022-07-17 09:12:01,863 DEBUG scheduler Queued events for site makkah.portal.com
2022-07-17 09:12:01,985 INFO scheduler Scheduled Job Complete: erpnext.crm.doctype.social_media_post.social_media_post.process_scheduled_social_media_posts for makkah.portal.com
2022-07-17 09:12:02,031 INFO scheduler Scheduled Job Start: erpnext.hr.doctype.interview.interview.send_interview_reminder for makkah.portal.com
2022-07-17 09:12:02,173 INFO scheduler Scheduled Job Complete: erpnext.hr.doctype.interview.interview.send_interview_reminder for makkah.portal.com
2022-07-17 09:12:02,220 INFO scheduler Scheduled Job Start: erpnext.healthcare.doctype.patient_appointment.patient_appointment.send_appointment_reminder for makkah.portal.com
2022-07-17 09:12:02,347 INFO scheduler Scheduled Job Complete: erpnext.healthcare.doctype.patient_appointment.patient_appointment.send_appointment_reminder for makkah.portal.com
2022-07-17 09:12:02,395 INFO scheduler Scheduled Job Start: erpnext.projects.doctype.project.project.project_status_update_reminder for makkah.portal.com
2022-07-17 09:12:02,577 INFO scheduler Scheduled Job Complete: erpnext.projects.doctype.project.project.project_status_update_reminder for makkah.portal.com
2022-07-17 09:12:02,626 INFO scheduler Scheduled Job Start: frappe.monitor.flush for makkah.portal.com
2022-07-17 09:12:02,747 INFO scheduler Scheduled Job Complete: frappe.monitor.flush for makkah.portal.com
2022-07-17 09:12:02,795 INFO scheduler Scheduled Job Start: frappe.utils.global_search.sync_global_search for makkah.portal.com
2022-07-17 09:12:02,916 INFO scheduler Scheduled Job Complete: frappe.utils.global_search.sync_global_search for makkah.portal.com
2022-07-17 09:12:02,964 INFO scheduler Scheduled Job Start: frappe.integrations.doctype.razorpay_settings.razorpay_settings.capture_payment for makkah.portal.com
2022-07-17 09:12:03,169 INFO scheduler Scheduled Job Complete: frappe.integrations.doctype.razorpay_settings.razorpay_settings.capture_payment for makkah.portal.com
2022-07-17 09:12:03,217 INFO scheduler Scheduled Job Start: frappe.email.doctype.email_account.email_account.notify_unreplied for makkah.portal.com
2022-07-17 09:12:03,373 INFO scheduler Scheduled Job Complete: frappe.email.doctype.email_account.email_account.notify_unreplied for makkah.portal.com
2022-07-17 09:12:03,422 INFO scheduler Scheduled Job Start: frappe.email.doctype.email_account.email_account.pull for makkah.portal.com
2022-07-17 09:12:03,583 INFO scheduler Scheduled Job Complete: frappe.email.doctype.email_account.email_account.pull for makkah.portal.com
2022-07-17 09:12:03,631 INFO scheduler Scheduled Job Start: frappe.email.queue.flush for makkah.portal.com
2022-07-17 09:12:03,761 INFO scheduler Scheduled Job Complete: frappe.email.queue.flush for makkah.portal.com
2022-07-17 09:13:02,245 DEBUG scheduler Queued events for site makkah.portal.com
2022-07-17 09:14:02,429 DEBUG scheduler Queued events for site makkah.portal.com
2022-07-17 09:15:02,606 INFO scheduler Scheduled Job Start: erpnext.manufacturing.doctype.bom_update_log.bom_update_log.resume_bom_cost_update_jobs for makkah.portal.com
2022-07-17 09:15:02,607 DEBUG scheduler Queued events for site makkah.portal.com
2022-07-17 09:15:02,783 INFO scheduler Scheduled Job Complete: erpnext.manufacturing.doctype.bom_update_log.bom_update_log.resume_bom_cost_update_jobs for makkah.portal.com
2022-07-17 09:15:02,836 INFO scheduler Scheduled Job Start: frappe.twofactor.delete_all_barcodes_for_users for makkah.portal.com
2022-07-17 09:15:03,021 INFO scheduler Scheduled Job Complete: frappe.twofactor.delete_all_barcodes_for_users for makkah.portal.com
2022-07-17 09:15:03,078 INFO scheduler Scheduled Job Start: frappe.website.doctype.web_page.web_page.check_publish_status for makkah.portal.com
2022-07-17 09:15:03,287 INFO scheduler Scheduled Job Complete: frappe.website.doctype.web_page.web_page.check_publish_status for makkah.portal.com
2022-07-17 09:15:03,341 INFO scheduler Scheduled Job Start: frappe.oauth.delete_oauth2_data for makkah.portal.com
2022-07-17 09:15:03,522 INFO scheduler Scheduled Job Complete: frappe.oauth.delete_oauth2_data for makkah.portal.com
2022-07-17 09:16:02,901 INFO scheduler Scheduled Job Start: erpnext.crm.doctype.social_media_post.social_media_post.process_scheduled_social_media_posts for makkah.portal.com
2022-07-17 09:16:02,925 DEBUG scheduler Queued events for site makkah.portal.com
2022-07-17 09:16:03,047 INFO scheduler Scheduled Job Complete: erpnext.crm.doctype.social_media_post.social_media_post.process_scheduled_social_media_posts for makkah.portal.com
2022-07-17 09:16:03,096 INFO scheduler Scheduled Job Start: erpnext.hr.doctype.interview.interview.send_interview_reminder for makkah.portal.com
2022-07-17 09:16:03,241 INFO scheduler Scheduled Job Complete: erpnext.hr.doctype.interview.interview.send_interview_reminder for makkah.portal.com
2022-07-17 09:16:03,290 INFO scheduler Scheduled Job Start: erpnext.healthcare.doctype.patient_appointment.patient_appointment.send_appointment_reminder for makkah.portal.com
2022-07-17 09:16:03,419 INFO scheduler Scheduled Job Complete: erpnext.healthcare.doctype.patient_appointment.patient_appointment.send_appointment_reminder for makkah.portal.com
2022-07-17 09:16:03,467 INFO scheduler Scheduled Job Start: erpnext.projects.doctype.project.project.project_status_update_reminder for makkah.portal.com
2022-07-17 09:16:03,651 INFO scheduler Scheduled Job Complete: erpnext.projects.doctype.project.project.project_status_update_reminder for makkah.portal.com
2022-07-17 09:16:03,700 INFO scheduler Scheduled Job Start: frappe.monitor.flush for makkah.portal.com
2022-07-17 09:16:03,823 INFO scheduler Scheduled Job Complete: frappe.monitor.flush for makkah.portal.com
2022-07-17 09:16:03,871 INFO scheduler Scheduled Job Start: frappe.utils.global_search.sync_global_search for makkah.portal.com
2022-07-17 09:16:03,992 INFO scheduler Scheduled Job Complete: frappe.utils.global_search.sync_global_search for makkah.portal.com
2022-07-17 09:16:04,040 INFO scheduler Scheduled Job Start: frappe.integrations.doctype.razorpay_settings.razorpay_settings.capture_payment for makkah.portal.com
2022-07-17 09:16:04,260 INFO scheduler Scheduled Job Complete: frappe.integrations.doctype.razorpay_settings.razorpay_settings.capture_payment for makkah.portal.com
2022-07-17 09:16:04,312 INFO scheduler Scheduled Job Start: frappe.email.doctype.email_account.email_account.notify_unreplied for makkah.portal.com
2022-07-17 09:16:04,481 INFO scheduler Scheduled Job Complete: frappe.email.doctype.email_account.email_account.notify_unreplied for makkah.portal.com
2022-07-17 09:16:04,531 INFO scheduler Scheduled Job Start: frappe.email.doctype.email_account.email_account.pull for makkah.portal.com
2022-07-17 09:16:04,705 INFO scheduler Scheduled Job Complete: frappe.email.doctype.email_account.email_account.pull for makkah.portal.com
2022-07-17 09:16:04,758 INFO scheduler Scheduled Job Start: frappe.email.queue.flush for makkah.portal.com
2022-07-17 09:16:04,900 INFO scheduler Scheduled Job Complete: frappe.email.queue.flush for makkah.portal.com
2022-07-17 09:17:03,113 DEBUG scheduler Queued events for site makkah.portal.com
2022-07-17 09:18:03,291 DEBUG scheduler Queued events for site makkah.portal.com
2022-07-17 09:19:03,451 DEBUG scheduler Queued events for site makkah.portal.com
2022-07-17 09:20:03,639 INFO scheduler Scheduled Job Start: erpnext.crm.doctype.social_media_post.social_media_post.process_scheduled_social_media_posts for makkah.portal.com
2022-07-17 09:20:03,666 DEBUG scheduler Queued events for site makkah.portal.com
2022-07-17 09:20:03,787 INFO scheduler Scheduled Job Complete: erpnext.crm.doctype.social_media_post.social_media_post.process_scheduled_social_media_posts for makkah.portal.com
2022-07-17 09:20:03,836 INFO scheduler Scheduled Job Start: erpnext.hr.doctype.interview.interview.send_interview_reminder for makkah.portal.com
2022-07-17 09:20:03,980 INFO scheduler Scheduled Job Complete: erpnext.hr.doctype.interview.interview.send_interview_reminder for makkah.portal.com
2022-07-17 09:20:04,028 INFO scheduler Scheduled Job Start: erpnext.healthcare.doctype.patient_appointment.patient_appointment.send_appointment_reminder for makkah.portal.com
2022-07-17 09:20:04,159 INFO scheduler Scheduled Job Complete: erpnext.healthcare.doctype.patient_appointment.patient_appointment.send_appointment_reminder for makkah.portal.com
2022-07-17 09:20:04,208 INFO scheduler Scheduled Job Start: erpnext.projects.doctype.project.project.project_status_update_reminder for makkah.portal.com
2022-07-17 09:20:04,395 INFO scheduler Scheduled Job Complete: erpnext.projects.doctype.project.project.project_status_update_reminder for makkah.portal.com
2022-07-17 09:20:04,444 INFO scheduler Scheduled Job Start: erpnext.manufacturing.doctype.bom_update_log.bom_update_log.resume_bom_cost_update_jobs for makkah.portal.com
2022-07-17 09:20:04,608 INFO scheduler Scheduled Job Complete: erpnext.manufacturing.doctype.bom_update_log.bom_update_log.resume_bom_cost_update_jobs for makkah.portal.com
2022-07-17 09:20:04,659 INFO scheduler Scheduled Job Start: frappe.monitor.flush for makkah.portal.com
2022-07-17 09:20:04,783 INFO scheduler Scheduled Job Complete: frappe.monitor.flush for makkah.portal.com
2022-07-17 09:20:04,831 INFO scheduler Scheduled Job Start: frappe.utils.global_search.sync_global_search for makkah.portal.com
2022-07-17 09:20:04,955 INFO scheduler Scheduled Job Complete: frappe.utils.global_search.sync_global_search for makkah.portal.com
2022-07-17 09:20:05,003 INFO scheduler Scheduled Job Start: frappe.integrations.doctype.razorpay_settings.razorpay_settings.capture_payment for makkah.portal.com
2022-07-17 09:20:05,214 INFO scheduler Scheduled Job Complete: frappe.integrations.doctype.razorpay_settings.razorpay_settings.capture_payment for makkah.portal.com
2022-07-17 09:20:05,265 INFO scheduler Scheduled Job Start: frappe.email.doctype.email_account.email_account.notify_unreplied for makkah.portal.com
2022-07-17 09:20:05,427 INFO scheduler Scheduled Job Complete: frappe.email.doctype.email_account.email_account.notify_unreplied for makkah.portal.com
2022-07-17 09:20:05,476 INFO scheduler Scheduled Job Start: frappe.email.doctype.email_account.email_account.pull for makkah.portal.com
2022-07-17 09:20:05,641 INFO scheduler Scheduled Job Complete: frappe.email.doctype.email_account.email_account.pull for makkah.portal.com
2022-07-17 09:20:05,689 INFO scheduler Scheduled Job Start: frappe.email.queue.flush for makkah.portal.com
2022-07-17 09:20:05,822 INFO scheduler Scheduled Job Complete: frappe.email.queue.flush for makkah.portal.com
2022-07-17 09:21:03,859 DEBUG scheduler Queued events for site makkah.portal.com
2022-07-17 09:22:04,017 DEBUG scheduler Queued events for site makkah.portal.com
2022-07-17 09:23:04,197 DEBUG scheduler Queued events for site makkah.portal.com
